<?xml version="1.0" encoding="UTF-8"?>
<!-- Generated by org.testng.reporters.JUnitXMLReporter -->
<testsuite hostname="G1C2ML15588" ignored="0" name="Test" tests="1" failures="0" timestamp="06 Sep 2018 09:12:05 GMT" time="0.113" errors="0">
  <testcase name="@BeforeTest BeforeMain" time="0.073" classname="maven_testing_framework.framework.Main">
    <failure type="java.lang.NullPointerException">
      <![CDATA[java.lang.NullPointerException
at maven_testing_framework.framework.Main.getCaseCount(Main.java:338)
at maven_testing_framework.framework.Main.BeforeMain(Main.java:71)
at java.util.concurrent.FutureTask.run(FutureTask.java:266)
at java.util.concurrent.ThreadPoolExecutor.runWorker(ThreadPoolExecutor.java:1142)
at java.util.concurrent.ThreadPoolExecutor$Worker.run(ThreadPoolExecutor.java:617)
at java.lang.Thread.run(Thread.java:745)
... Removed 15 stack frames]]>
    </failure>
  </testcase> <!-- @BeforeTest BeforeMain -->
  <testcase name="@AfterTest afterTest" time="0.0" classname="maven_testing_framework.framework.Main">
    <skipped/>
  </testcase> <!-- @AfterTest afterTest -->
  <testcase name="mainControll on maven_testing_framework.framework.Main[,0,0,0x0,invalid,layout=java.awt.FlowLayout,alignmentX=0.0,alignmentY=0.0,border=,flags=9,maximumSize=,minimumSize=,preferredSize=]" time="0.0" classname="maven_testing_framework.framework.Main">
    <skipped/>
  </testcase> <!-- mainControll on maven_testing_framework.framework.Main[,0,0,0x0,invalid,layout=java.awt.FlowLayout,alignmentX=0.0,alignmentY=0.0,border=,flags=9,maximumSize=,minimumSize=,preferredSize=] -->
</testsuite> <!-- Test -->
